::1 - - [30/Nov/2023:05:14:59 +0000] "GET /api/users HTTP/1.1" 200 401 "-" "PostmanRuntime/7.32.1"
::1 - - [30/Nov/2023:05:15:03 +0000] "GET /api/users HTTP/1.1" 200 401 "-" "PostmanRuntime/7.32.1"
::1 - - [30/Nov/2023:05:18:14 +0000] "GET /api/users HTTP/1.1" 200 401 "-" "PostmanRuntime/7.32.1"
::1 - - [30/Nov/2023:05:18:50 +0000] "GET /api/users HTTP/1.1" 200 401 "-" "PostmanRuntime/7.32.1"
::1 - - [30/Nov/2023:05:19:08 +0000] "GET /api/users/3 HTTP/1.1" 404 150 "-" "PostmanRuntime/7.32.1"
::1 - - [30/Nov/2023:05:24:24 +0000] "GET /api/users HTTP/1.1" 200 401 "-" "PostmanRuntime/7.32.1"
::1 - - [30/Nov/2023:05:24:36 +0000] "GET /api/users/3 HTTP/1.1" 404 150 "-" "PostmanRuntime/7.32.1"
::1 - - [30/Nov/2023:05:25:52 +0000] "GET /api/users/3 HTTP/1.1" 200 52 "-" "PostmanRuntime/7.32.1"
::1 - - [30/Nov/2023:05:26:08 +0000] "GET /api/users HTTP/1.1" 500 58 "-" "PostmanRuntime/7.32.1"
::1 - - [30/Nov/2023:05:26:18 +0000] "GET /api/users HTTP/1.1" 200 401 "-" "PostmanRuntime/7.32.1"
::1 - - [30/Nov/2023:05:26:27 +0000] "GET /api/users HTTP/1.1" 200 401 "-" "PostmanRuntime/7.32.1"
::1 - - [30/Nov/2023:05:26:29 +0000] "GET /api/users/3 HTTP/1.1" 200 61 "-" "PostmanRuntime/7.32.1"
::1 - - [30/Nov/2023:05:26:50 +0000] "GET /api/users/3 HTTP/1.1" 200 52 "-" "PostmanRuntime/7.32.1"
::1 - - [30/Nov/2023:05:28:22 +0000] "GET /api/users/3 HTTP/1.1" 200 52 "-" "PostmanRuntime/7.32.1"
::1 - - [30/Nov/2023:05:28:25 +0000] "GET /api/users HTTP/1.1" 200 401 "-" "PostmanRuntime/7.32.1"
::1 - - [30/Nov/2023:05:49:51 +0000] "GET /api/users/3 HTTP/1.1" 200 52 "-" "PostmanRuntime/7.32.1"
::1 - - [30/Nov/2023:05:50:20 +0000] "GET /api/users/ HTTP/1.1" 200 401 "-" "PostmanRuntime/7.32.1"
::1 - - [30/Nov/2023:05:50:23 +0000] "GET /api/users/3 HTTP/1.1" 200 52 "-" "PostmanRuntime/7.32.1"
::1 - - [30/Nov/2023:05:50:46 +0000] "GET /api/users HTTP/1.1" 200 401 "-" "PostmanRuntime/7.32.1"
::1 - - [30/Nov/2023:05:50:49 +0000] "GET /api/users/3 HTTP/1.1" 200 52 "-" "PostmanRuntime/7.32.1"
::1 - - [30/Nov/2023:05:51:13 +0000] "POST /api/users HTTP/1.1" 200 - "-" "PostmanRuntime/7.32.1"
::1 - - [30/Nov/2023:05:52:07 +0000] "POST /api/users HTTP/1.1" 200 - "-" "PostmanRuntime/7.32.1"
::1 - - [30/Nov/2023:05:52:37 +0000] "POST /api/users HTTP/1.1" 200 - "-" "PostmanRuntime/7.32.1"
::1 - - [30/Nov/2023:05:54:04 +0000] "POST /api/users HTTP/1.1" 200 - "-" "PostmanRuntime/7.32.1"
::1 - - [30/Nov/2023:05:57:46 +0000] "POST /api/users HTTP/1.1" 200 55 "-" "PostmanRuntime/7.32.1"
::1 - - [30/Nov/2023:06:07:18 +0000] "PUT /api/users/3 HTTP/1.1" 200 - "-" "PostmanRuntime/7.32.1"
::1 - - [30/Nov/2023:06:08:38 +0000] "PUT /api/users/3 HTTP/1.1" 200 67 "-" "PostmanRuntime/7.32.1"
::1 - - [30/Nov/2023:06:08:48 +0000] "PUT /api/users/3 HTTP/1.1" 200 - "-" "PostmanRuntime/7.32.1"
::1 - - [30/Nov/2023:06:08:51 +0000] "PUT /api/users/3 HTTP/1.1" 200 67 "-" "PostmanRuntime/7.32.1"
::1 - - [30/Nov/2023:06:09:52 +0000] "PUT /api/users/35 HTTP/1.1" 200 - "-" "PostmanRuntime/7.32.1"
::1 - - [30/Nov/2023:06:10:22 +0000] "PUT /api/users/3 HTTP/1.1" 200 53 "-" "PostmanRuntime/7.32.1"
::1 - - [30/Nov/2023:06:10:34 +0000] "PUT /api/users/3 HTTP/1.1" 200 52 "-" "PostmanRuntime/7.32.1"
::1 - - [30/Nov/2023:06:12:54 +0000] "PUT /api/users/3 HTTP/1.1" 200 52 "-" "PostmanRuntime/7.32.1"
::1 - - [30/Nov/2023:06:13:05 +0000] "PUT /api/users/3 HTTP/1.1" 200 52 "-" "PostmanRuntime/7.32.1"
::1 - - [30/Nov/2023:06:15:52 +0000] "PUT /api/users/3 HTTP/1.1" 200 66 "-" "PostmanRuntime/7.32.1"
::1 - - [30/Nov/2023:06:16:47 +0000] "DELETE /api/users/4 HTTP/1.1" 200 104 "-" "PostmanRuntime/7.32.1"
::1 - - [30/Nov/2023:06:17:38 +0000] "GET /api/users/3 HTTP/1.1" 200 118 "-" "PostmanRuntime/7.32.1"
::1 - - [30/Nov/2023:06:18:04 +0000] "GET /api/users HTTP/1.1" 200 566 "-" "PostmanRuntime/7.32.1"
::1 - - [30/Nov/2023:06:18:24 +0000] "GET /api/users HTTP/1.1" 200 576 "-" "PostmanRuntime/7.32.1"
::1 - - [30/Nov/2023:06:21:58 +0000] "GET /api/users HTTP/1.1" 200 576 "-" "PostmanRuntime/7.32.1"
::1 - - [30/Nov/2023:06:22:25 +0000] "GET /api/users/3 HTTP/1.1" 200 118 "-" "PostmanRuntime/7.32.1"
::1 - - [30/Nov/2023:06:23:07 +0000] "POST /api/users HTTP/1.1" 200 102 "-" "PostmanRuntime/7.32.1"
::1 - - [30/Nov/2023:06:24:07 +0000] "PUT /api/users/3 HTTP/1.1" 200 111 "-" "PostmanRuntime/7.32.1"
::1 - - [30/Nov/2023:06:24:48 +0000] "DELETE /api/users/6 HTTP/1.1" 200 104 "-" "PostmanRuntime/7.32.1"
::1 - - [30/Nov/2023:08:02:44 +0000] "GET /api/notes HTTP/1.1" 404 148 "-" "PostmanRuntime/7.32.1"
::1 - - [30/Nov/2023:08:06:43 +0000] "GET /api/notes HTTP/1.1" 200 325 "-" "PostmanRuntime/7.32.1"
::1 - - [30/Nov/2023:08:15:54 +0000] "GET /api/notes/2 HTTP/1.1" 404 150 "-" "PostmanRuntime/7.32.1"
::1 - - [30/Nov/2023:08:16:10 +0000] "GET /api/notes/2 HTTP/1.1" 200 113 "-" "PostmanRuntime/7.32.1"
::1 - - [30/Nov/2023:08:29:02 +0000] "POST /api/notes HTTP/1.1" 404 149 "-" "PostmanRuntime/7.32.1"
::1 - - [30/Nov/2023:08:29:15 +0000] "POST /api/notes HTTP/1.1" 404 149 "-" "PostmanRuntime/7.32.1"
::1 - - [30/Nov/2023:08:29:31 +0000] "POST /api/notes HTTP/1.1" 400 52 "-" "PostmanRuntime/7.32.1"
::1 - - [30/Nov/2023:08:33:00 +0000] "POST /api/notes HTTP/1.1" 400 52 "-" "PostmanRuntime/7.32.1"
::1 - - [30/Nov/2023:08:33:09 +0000] "POST /api/notes HTTP/1.1" 500 58 "-" "PostmanRuntime/7.32.1"
::1 - - [30/Nov/2023:08:33:55 +0000] "POST /api/notes HTTP/1.1" 200 118 "-" "PostmanRuntime/7.32.1"
::1 - - [30/Nov/2023:18:17:12 +0000] "GET /api/notes HTTP/1.1" 200 397 "-" "PostmanRuntime/7.32.1"
::1 - - [30/Nov/2023:18:25:15 +0000] "GET /api/notes HTTP/1.1" 200 397 "-" "PostmanRuntime/7.32.1"
::1 - - [30/Nov/2023:18:26:39 +0000] "GET /api/notes/1 HTTP/1.1" 200 113 "-" "PostmanRuntime/7.32.1"
::1 - - [30/Nov/2023:18:26:58 +0000] "PUT /api/notes/1 HTTP/1.1" 404 150 "-" "PostmanRuntime/7.32.1"
::1 - - [30/Nov/2023:18:27:15 +0000] "PUT /api/notes/1 HTTP/1.1" 404 150 "-" "PostmanRuntime/7.32.1"
::1 - - [30/Nov/2023:18:27:28 +0000] "PUT /api/notes/1 HTTP/1.1" 404 150 "-" "PostmanRuntime/7.32.1"
::1 - - [30/Nov/2023:18:39:01 +0000] "PUT /api/notes/1 HTTP/1.1" 404 150 "-" "PostmanRuntime/7.32.1"
::1 - - [30/Nov/2023:18:39:50 +0000] "PUT /api/notes/1 HTTP/1.1" 404 150 "-" "PostmanRuntime/7.32.1"
::1 - - [30/Nov/2023:18:39:53 +0000] "PUT /api/notes/1 HTTP/1.1" 404 150 "-" "PostmanRuntime/7.32.1"
::1 - - [30/Nov/2023:18:39:57 +0000] "PUT /api/notes/1 HTTP/1.1" 404 150 "-" "PostmanRuntime/7.32.1"
::1 - - [30/Nov/2023:18:40:05 +0000] "PUT /api/notes/1 HTTP/1.1" 200 115 "-" "PostmanRuntime/7.32.1"
::1 - - [30/Nov/2023:18:43:31 +0000] "POST /api/notes HTTP/1.1" 400 52 "-" "PostmanRuntime/7.32.1"
::1 - - [30/Nov/2023:18:43:59 +0000] "POST /api/notes HTTP/1.1" 200 124 "-" "PostmanRuntime/7.32.1"
::1 - - [30/Nov/2023:18:44:09 +0000] "GET /api/notes/2 HTTP/1.1" 200 113 "-" "PostmanRuntime/7.32.1"
::1 - - [30/Nov/2023:18:44:22 +0000] "PUT /api/notes/1 HTTP/1.1" 200 117 "-" "PostmanRuntime/7.32.1"
::1 - - [30/Nov/2023:18:44:54 +0000] "DELETE /api/notes/5 HTTP/1.1" 200 123 "-" "PostmanRuntime/7.32.1"
::1 - - [30/Nov/2023:18:44:58 +0000] "DELETE /api/notes/5 HTTP/1.1" 200 44 "-" "PostmanRuntime/7.32.1"
::1 - - [30/Nov/2023:18:45:01 +0000] "DELETE /api/notes/5 HTTP/1.1" 200 44 "-" "PostmanRuntime/7.32.1"
::1 - - [30/Nov/2023:18:46:35 +0000] "DELETE /api/notes/5 HTTP/1.1" 404 33 "-" "PostmanRuntime/7.32.1"
::1 - - [30/Nov/2023:18:48:50 +0000] "DELETE /api/notes/5 HTTP/1.1" 200 - "-" "PostmanRuntime/7.32.1"
::1 - - [30/Nov/2023:18:48:52 +0000] "DELETE /api/notes/5 HTTP/1.1" 200 - "-" "PostmanRuntime/7.32.1"
::1 - - [30/Nov/2023:18:48:58 +0000] "DELETE /api/notes/5 HTTP/1.1" 200 2 "-" "PostmanRuntime/7.32.1"
::1 - - [30/Nov/2023:18:49:15 +0000] "DELETE /api/notes/5 HTTP/1.1" 200 2 "-" "PostmanRuntime/7.32.1"
::1 - - [30/Nov/2023:18:49:21 +0000] "DELETE /api/notes/5 HTTP/1.1" 200 - "-" "PostmanRuntime/7.32.1"
::1 - - [30/Nov/2023:18:49:59 +0000] "DELETE /api/notes/5 HTTP/1.1" 200 - "-" "PostmanRuntime/7.32.1"
::1 - - [30/Nov/2023:18:50:26 +0000] "DELETE /api/notes/5 HTTP/1.1" 200 - "-" "PostmanRuntime/7.32.1"
::1 - - [30/Nov/2023:18:51:28 +0000] "DELETE /api/notes/5 HTTP/1.1" 200 - "-" "PostmanRuntime/7.32.1"
::1 - - [30/Nov/2023:18:51:44 +0000] "DELETE /api/notes/5 HTTP/1.1" 404 33 "-" "PostmanRuntime/7.32.1"
::1 - - [30/Nov/2023:19:04:45 +0000] "GET /api/users HTTP/1.1" 200 572 "-" "PostmanRuntime/7.32.1"
::1 - - [30/Nov/2023:19:09:29 +0000] "GET /api/users/2/notes HTTP/1.1" 200 64 "-" "PostmanRuntime/7.32.1"
::1 - - [30/Nov/2023:19:09:36 +0000] "GET /api/users/1/notes HTTP/1.1" 200 64 "-" "PostmanRuntime/7.32.1"
::1 - - [30/Nov/2023:19:09:41 +0000] "GET /api/users/3/notes HTTP/1.1" 200 64 "-" "PostmanRuntime/7.32.1"
::1 - - [30/Nov/2023:19:09:54 +0000] "GET /api/users/2/notes HTTP/1.1" 200 64 "-" "PostmanRuntime/7.32.1"
::1 - - [30/Nov/2023:19:10:14 +0000] "GET /api/users/2/notes HTTP/1.1" 200 64 "-" "PostmanRuntime/7.32.1"
::1 - - [30/Nov/2023:19:10:28 +0000] "GET /api/users/2/notes HTTP/1.1" 200 64 "-" "PostmanRuntime/7.32.1"
::1 - - [30/Nov/2023:19:18:32 +0000] "GET /api/users/2/notes HTTP/1.1" 500 58 "-" "PostmanRuntime/7.32.1"
::1 - - [30/Nov/2023:19:19:42 +0000] "GET /api/users/2/notes HTTP/1.1" 500 58 "-" "PostmanRuntime/7.32.1"
::1 - - [30/Nov/2023:19:20:00 +0000] "GET /api/users/2/notes HTTP/1.1" 500 58 "-" "PostmanRuntime/7.32.1"
::1 - - [30/Nov/2023:19:20:58 +0000] "GET /api/users/2/notes HTTP/1.1" 500 58 "-" "PostmanRuntime/7.32.1"
::1 - - [30/Nov/2023:19:21:29 +0000] "GET /api/users/2/notes HTTP/1.1" 200 134 "-" "PostmanRuntime/7.32.1"
::1 - - [30/Nov/2023:19:21:45 +0000] "GET /api/users/2/notes HTTP/1.1" 500 58 "-" "PostmanRuntime/7.32.1"
::1 - - [30/Nov/2023:19:22:08 +0000] "GET /api/users/2/notes HTTP/1.1" 500 58 "-" "PostmanRuntime/7.32.1"
::1 - - [30/Nov/2023:19:22:50 +0000] "GET /api/users/2/notes HTTP/1.1" 500 58 "-" "PostmanRuntime/7.32.1"
::1 - - [30/Nov/2023:19:23:00 +0000] "GET /api/users/2/notes HTTP/1.1" 200 134 "-" "PostmanRuntime/7.32.1"
::1 - - [30/Nov/2023:19:23:06 +0000] "GET /api/users/2/notes HTTP/1.1" 500 58 "-" "PostmanRuntime/7.32.1"
::1 - - [30/Nov/2023:19:26:23 +0000] "GET /api/users/2/notes HTTP/1.1" 500 58 "-" "PostmanRuntime/7.32.1"
::1 - - [30/Nov/2023:19:26:38 +0000] "GET /api/users/2/notes HTTP/1.1" 500 58 "-" "PostmanRuntime/7.32.1"
::1 - - [30/Nov/2023:19:26:46 +0000] "GET /api/users/2/notes HTTP/1.1" 500 58 "-" "PostmanRuntime/7.32.1"
::1 - - [30/Nov/2023:19:27:12 +0000] "GET /api/users/2/notes HTTP/1.1" 500 58 "-" "PostmanRuntime/7.32.1"
::1 - - [30/Nov/2023:19:28:06 +0000] "GET /api/users HTTP/1.1" 500 58 "-" "PostmanRuntime/7.32.1"
::1 - - [30/Nov/2023:19:28:10 +0000] "GET /api/users HTTP/1.1" 500 58 "-" "PostmanRuntime/7.32.1"
::1 - - [30/Nov/2023:19:38:19 +0000] "GET /api/users/2/notes HTTP/1.1" 500 58 "-" "PostmanRuntime/7.32.1"
::1 - - [30/Nov/2023:19:38:24 +0000] "GET /api/users HTTP/1.1" 200 572 "-" "PostmanRuntime/7.32.1"
::1 - - [30/Nov/2023:19:39:09 +0000] "GET /api/users HTTP/1.1" 200 572 "-" "PostmanRuntime/7.32.1"
::1 - - [30/Nov/2023:19:39:11 +0000] "GET /api/users/2/notes HTTP/1.1" 500 58 "-" "PostmanRuntime/7.32.1"
::1 - - [30/Nov/2023:19:39:20 +0000] "GET /api/users/2/notes HTTP/1.1" 500 58 "-" "PostmanRuntime/7.32.1"
::1 - - [30/Nov/2023:19:39:23 +0000] "GET /api/users HTTP/1.1" 200 572 "-" "PostmanRuntime/7.32.1"
::1 - - [30/Nov/2023:19:39:57 +0000] "GET /api/users/2/notes HTTP/1.1" 500 58 "-" "PostmanRuntime/7.32.1"
::1 - - [30/Nov/2023:19:40:08 +0000] "GET /api/users/2/notes HTTP/1.1" 500 58 "-" "PostmanRuntime/7.32.1"
::1 - - [30/Nov/2023:19:40:22 +0000] "GET /api/users/2/notes HTTP/1.1" 500 58 "-" "PostmanRuntime/7.32.1"
::1 - - [30/Nov/2023:19:40:35 +0000] "GET /api/users/2/notes HTTP/1.1" 500 58 "-" "PostmanRuntime/7.32.1"
::1 - - [30/Nov/2023:19:40:42 +0000] "GET /api/users/2/notes HTTP/1.1" 500 58 "-" "PostmanRuntime/7.32.1"
::1 - - [30/Nov/2023:19:40:51 +0000] "GET /api/users/2/notes HTTP/1.1" 500 58 "-" "PostmanRuntime/7.32.1"
::1 - - [30/Nov/2023:19:41:30 +0000] "GET /api/users/2/notes HTTP/1.1" 200 125 "-" "PostmanRuntime/7.32.1"
::1 - - [30/Nov/2023:19:41:44 +0000] "GET /api/users/2/notes HTTP/1.1" 200 136 "-" "PostmanRuntime/7.32.1"
::1 - - [30/Nov/2023:19:41:58 +0000] "GET /api/users/2/notes HTTP/1.1" 200 65 "-" "PostmanRuntime/7.32.1"
::1 - - [30/Nov/2023:19:42:18 +0000] "GET /api/users/2/notes HTTP/1.1" 500 58 "-" "PostmanRuntime/7.32.1"
::1 - - [30/Nov/2023:19:42:24 +0000] "GET /api/users/2/notes HTTP/1.1" 200 125 "-" "PostmanRuntime/7.32.1"
::1 - - [30/Nov/2023:19:43:17 +0000] "GET /api/users/2/notes HTTP/1.1" 200 326 "-" "PostmanRuntime/7.32.1"
::1 - - [30/Nov/2023:19:43:47 +0000] "GET /api/users/2/notes HTTP/1.1" 200 335 "-" "PostmanRuntime/7.32.1"
::1 - - [30/Nov/2023:19:45:33 +0000] "GET /api/users/2/notes HTTP/1.1" 500 58 "-" "PostmanRuntime/7.32.1"
::1 - - [30/Nov/2023:19:46:05 +0000] "GET /api/users/2/notes HTTP/1.1" 500 58 "-" "PostmanRuntime/7.32.1"
::1 - - [30/Nov/2023:19:46:07 +0000] "GET /api/users HTTP/1.1" 200 572 "-" "PostmanRuntime/7.32.1"
::1 - - [30/Nov/2023:19:46:18 +0000] "GET /api/users/2/notes HTTP/1.1" 500 58 "-" "PostmanRuntime/7.32.1"
::1 - - [30/Nov/2023:19:46:29 +0000] "GET /api/users/2/notes HTTP/1.1" 200 335 "-" "PostmanRuntime/7.32.1"
::1 - - [30/Nov/2023:19:47:42 +0000] "GET /api/users/2/notes HTTP/1.1" 500 58 "-" "PostmanRuntime/7.32.1"
::1 - - [30/Nov/2023:19:47:57 +0000] "GET /api/users/2/notes HTTP/1.1" 500 58 "-" "PostmanRuntime/7.32.1"
::1 - - [30/Nov/2023:19:48:02 +0000] "GET /api/users HTTP/1.1" 500 58 "-" "PostmanRuntime/7.32.1"
::1 - - [30/Nov/2023:19:48:17 +0000] "GET /api/users HTTP/1.1" 500 58 "-" "PostmanRuntime/7.32.1"
::1 - - [30/Nov/2023:19:48:30 +0000] "GET /api/users HTTP/1.1" 500 58 "-" "PostmanRuntime/7.32.1"
::1 - - [30/Nov/2023:19:49:47 +0000] "GET /api/users/2/notes HTTP/1.1" 500 58 "-" "PostmanRuntime/7.32.1"
::1 - - [30/Nov/2023:19:49:49 +0000] "GET /api/users HTTP/1.1" 500 58 "-" "PostmanRuntime/7.32.1"
::1 - - [30/Nov/2023:19:51:13 +0000] "GET /api/users HTTP/1.1" 500 58 "-" "PostmanRuntime/7.32.1"
::1 - - [30/Nov/2023:19:51:15 +0000] "GET /api/users HTTP/1.1" 500 58 "-" "PostmanRuntime/7.32.1"
::1 - - [30/Nov/2023:19:52:42 +0000] "GET /api/users HTTP/1.1" 500 58 "-" "PostmanRuntime/7.32.1"
::1 - - [30/Nov/2023:19:52:59 +0000] "GET /api/users/2/notes HTTP/1.1" 500 58 "-" "PostmanRuntime/7.32.1"
::1 - - [30/Nov/2023:19:59:51 +0000] "GET /api/users HTTP/1.1" 500 58 "-" "PostmanRuntime/7.32.1"
::1 - - [30/Nov/2023:20:00:39 +0000] "GET /api/users HTTP/1.1" 500 58 "-" "PostmanRuntime/7.32.1"
::1 - - [30/Nov/2023:20:00:41 +0000] "GET /api/users HTTP/1.1" 500 58 "-" "PostmanRuntime/7.32.1"
::1 - - [30/Nov/2023:20:05:28 +0000] "GET /api/users HTTP/1.1" 500 58 "-" "PostmanRuntime/7.32.1"
::1 - - [30/Nov/2023:20:05:30 +0000] "GET /api/users HTTP/1.1" 500 58 "-" "PostmanRuntime/7.32.1"
::1 - - [30/Nov/2023:20:20:02 +0000] "GET /api/users HTTP/1.1" 500 58 "-" "PostmanRuntime/7.32.1"
::1 - - [30/Nov/2023:20:20:05 +0000] "GET /api/users HTTP/1.1" 500 58 "-" "PostmanRuntime/7.32.1"
::1 - - [30/Nov/2023:20:20:18 +0000] "GET /api/users HTTP/1.1" 500 58 "-" "PostmanRuntime/7.32.1"
::1 - - [30/Nov/2023:20:20:19 +0000] "GET /api/users HTTP/1.1" 500 58 "-" "PostmanRuntime/7.32.1"
::1 - - [30/Nov/2023:20:20:20 +0000] "GET /api/users HTTP/1.1" 500 58 "-" "PostmanRuntime/7.32.1"
::1 - - [30/Nov/2023:20:20:21 +0000] "GET /api/users HTTP/1.1" 500 58 "-" "PostmanRuntime/7.32.1"
::1 - - [30/Nov/2023:20:21:25 +0000] "GET /api/users HTTP/1.1" 500 58 "-" "PostmanRuntime/7.32.1"
::1 - - [30/Nov/2023:20:29:40 +0000] "GET /api/users HTTP/1.1" 500 58 "-" "Mozilla/5.0 (Windows NT 10.0; Win64; x64) AppleWebKit/537.36 (KHTML, like Gecko) Chrome/119.0.0.0 Safari/537.36"
::1 - - [30/Nov/2023:20:29:40 +0000] "GET /favicon.ico HTTP/1.1" 404 150 "-" "Mozilla/5.0 (Windows NT 10.0; Win64; x64) AppleWebKit/537.36 (KHTML, like Gecko) Chrome/119.0.0.0 Safari/537.36"
::1 - - [30/Nov/2023:20:29:50 +0000] "GET /api/users HTTP/1.1" 500 58 "-" "PostmanRuntime/7.32.1"
::1 - - [30/Nov/2023:20:30:19 +0000] "GET /api/users HTTP/1.1" 500 58 "-" "PostmanRuntime/7.32.1"
::1 - - [30/Nov/2023:20:31:20 +0000] "GET /api/users HTTP/1.1" 500 58 "-" "PostmanRuntime/7.32.1"
::1 - - [30/Nov/2023:20:31:48 +0000] "GET /api/users/2/notes HTTP/1.1" 500 58 "-" "PostmanRuntime/7.32.1"
::1 - - [30/Nov/2023:20:50:16 +0000] "GET /api/users HTTP/1.1" 500 58 "-" "PostmanRuntime/7.32.1"
::1 - - [30/Nov/2023:20:52:01 +0000] "GET /api/users HTTP/1.1" 500 58 "-" "PostmanRuntime/7.32.1"
::1 - - [30/Nov/2023:20:53:03 +0000] "GET /api/users HTTP/1.1" 200 572 "-" "PostmanRuntime/7.32.1"
::1 - - [30/Nov/2023:20:53:55 +0000] "GET /api/users/2/notes HTTP/1.1" 500 58 "-" "PostmanRuntime/7.32.1"
::1 - - [30/Nov/2023:20:54:11 +0000] "GET /api/users/2/notes HTTP/1.1" 200 335 "-" "PostmanRuntime/7.32.1"
::1 - - [30/Nov/2023:20:55:18 +0000] "GET /api/users/2/notes HTTP/1.1" 200 335 "-" "PostmanRuntime/7.32.1"
::1 - - [30/Nov/2023:20:55:40 +0000] "GET /api/users/2/notes HTTP/1.1" 200 353 "-" "PostmanRuntime/7.32.1"
::1 - - [30/Nov/2023:21:28:01 +0000] "GET /api/notes/user/2 HTTP/1.1" 404 155 "-" "PostmanRuntime/7.32.1"
::1 - - [30/Nov/2023:21:30:17 +0000] "GET /api/notes/user/2 HTTP/1.1" 404 155 "-" "PostmanRuntime/7.32.1"
::1 - - [30/Nov/2023:21:30:18 +0000] "GET /api/notes/user/2 HTTP/1.1" 404 155 "-" "PostmanRuntime/7.32.1"
::1 - - [30/Nov/2023:21:30:32 +0000] "GET /api/notes/user/2 HTTP/1.1" 404 155 "-" "PostmanRuntime/7.32.1"
::1 - - [30/Nov/2023:21:30:59 +0000] "GET /api/notes/user/2 HTTP/1.1" 404 155 "-" "PostmanRuntime/7.32.1"
::1 - - [30/Nov/2023:21:31:01 +0000] "GET /api/notes/user/2 HTTP/1.1" 404 155 "-" "PostmanRuntime/7.32.1"
::1 - - [30/Nov/2023:21:31:07 +0000] "GET /api/notes/user/2 HTTP/1.1" 404 155 "-" "PostmanRuntime/7.32.1"
::1 - - [30/Nov/2023:21:31:14 +0000] "GET /api/notes/user/2 HTTP/1.1" 404 155 "-" "PostmanRuntime/7.32.1"
::1 - - [30/Nov/2023:21:31:15 +0000] "GET /api/notes/user/2 HTTP/1.1" 404 155 "-" "PostmanRuntime/7.32.1"
::1 - - [30/Nov/2023:21:31:57 +0000] "GET /api/notes/user/2 HTTP/1.1" 200 264 "-" "PostmanRuntime/7.32.1"
::1 - - [30/Nov/2023:21:46:49 +0000] "POST /api/notes HTTP/1.1" 200 129 "-" "PostmanRuntime/7.32.1"
::1 - - [30/Nov/2023:21:47:39 +0000] "DELETE /api/users/16 HTTP/1.1" 500 57 "-" "PostmanRuntime/7.32.1"
::1 - - [30/Nov/2023:21:48:21 +0000] "DELETE /api/users/16 HTTP/1.1" 200 108 "-" "PostmanRuntime/7.32.1"
